Flow report for Lab6_1
Thu May 04 02:44:33 2023
Quartus Prime Version 18.1.0 Build 625 09/12/2018 SJ Lite Edition


---------------------
; Table of Contents ;
---------------------
  1. Legal Notice
  2. Flow Summary
  3. Flow Settings
  4. Flow Non-Default Global Settings
  5. Flow Elapsed Time
  6. Flow OS Summary
  7. Flow Log
  8. Flow Messages
  9. Flow Suppressed Messages



----------------
; Legal Notice ;
----------------
Copyright (C) 2018  Intel Corporation. All rights reserved.
Your use of Intel Corporation's design tools, logic functions 
and other software and tools, and its AMPP partner logic 
functions, and any output files from any of the foregoing 
(including device programming or simulation files), and any 
associated documentation or information are expressly subject 
to the terms and conditions of the Intel Program License 
Subscription Agreement, the Intel Quartus Prime License Agreement,
the Intel FPGA IP License Agreement, or other applicable license
agreement, including, without limitation, that your use is for
the sole purpose of programming logic devices manufactured by
Intel and sold by Intel or its authorized distributors.  Please
refer to the applicable agreement for further details.



+----------------------------------------------------------------------------------+
; Flow Summary                                                                     ;
+------------------------------------+---------------------------------------------+
; Flow Status                        ; Successful - Thu May 04 02:44:33 2023       ;
; Quartus Prime Version              ; 18.1.0 Build 625 09/12/2018 SJ Lite Edition ;
; Revision Name                      ; Lab6_1                                      ;
; Top-level Entity Name              ; lab62                                       ;
; Family                             ; MAX 10                                      ;
; Device                             ; 10M50DAF484C7G                              ;
; Timing Models                      ; Final                                       ;
; Total logic elements               ; 17,307 / 49,760 ( 35 % )                    ;
;     Total combinational functions  ; 16,681 / 49,760 ( 34 % )                    ;
;     Dedicated logic registers      ; 3,185 / 49,760 ( 6 % )                      ;
; Total registers                    ; 3254                                        ;
; Total pins                         ; 141 / 360 ( 39 % )                          ;
; Total virtual pins                 ; 0                                           ;
; Total memory bits                  ; 1,345,792 / 1,677,312 ( 80 % )              ;
; Embedded Multiplier 9-bit elements ; 8 / 288 ( 3 % )                             ;
; Total PLLs                         ; 1 / 4 ( 25 % )                              ;
; UFM blocks                         ; 0 / 1 ( 0 % )                               ;
; ADC blocks                         ; 0 / 2 ( 0 % )                               ;
+------------------------------------+---------------------------------------------+


+-----------------------------------------+
; Flow Settings                           ;
+-------------------+---------------------+
; Option            ; Setting             ;
+-------------------+---------------------+
; Start date & time ; 05/04/2023 02:40:11 ;
; Main task         ; Compilation         ;
; Revision Name     ; Lab6_1              ;
+-------------------+---------------------+


+--------------------------------------------------------------------------------------------------------------------------------------------------------+
; Flow Non-Default Global Settings                                                                                                                       ;
+-------------------------------------+-------------------------------------------------------------+---------------+-------------------+----------------+
; Assignment Name                     ; Value                                                       ; Default Value ; Entity Name       ; Section Id     ;
+-------------------------------------+-------------------------------------------------------------+---------------+-------------------+----------------+
; COMPILER_SIGNATURE_ID               ; 93328253160531.168318601064824                              ; --            ; --                ; --             ;
; EDA_OUTPUT_DATA_FORMAT              ; Systemverilog Hdl                                           ; --            ; --                ; eda_simulation ;
; EDA_SIMULATION_TOOL                 ; ModelSim-Altera (SystemVerilog)                             ; <None>        ; --                ; --             ;
; EDA_TIME_SCALE                      ; 1 ps                                                        ; --            ; --                ; eda_simulation ;
; MAX_CORE_JUNCTION_TEMP              ; 85                                                          ; --            ; --                ; --             ;
; MIN_CORE_JUNCTION_TEMP              ; 0                                                           ; --            ; --                ; --             ;
; MISC_FILE                           ; lab62_soc/synthesis/../lab62_soc.cmp                        ; --            ; --                ; --             ;
; MISC_FILE                           ; lab62_soc/synthesis/../../lab62_soc.qsys                    ; --            ; --                ; --             ;
; OUTPUT_IO_TIMING_FAR_END_VMEAS      ; Half Signal Swing                                           ; --            ; --                ; --             ;
; OUTPUT_IO_TIMING_FAR_END_VMEAS      ; Half Signal Swing                                           ; --            ; --                ; --             ;
; OUTPUT_IO_TIMING_NEAR_END_VMEAS     ; Half Vccio                                                  ; --            ; --                ; --             ;
; OUTPUT_IO_TIMING_NEAR_END_VMEAS     ; Half Vccio                                                  ; --            ; --                ; --             ;
; PARTITION_COLOR                     ; -- (Not supported for targeted family)                      ; --            ; DE10_LITE_Default ; Top            ;
; PARTITION_COLOR                     ; -- (Not supported for targeted family)                      ; --            ; lab62             ; Top            ;
; PARTITION_FITTER_PRESERVATION_LEVEL ; -- (Not supported for targeted family)                      ; --            ; DE10_LITE_Default ; Top            ;
; PARTITION_FITTER_PRESERVATION_LEVEL ; -- (Not supported for targeted family)                      ; --            ; lab62             ; Top            ;
; PARTITION_NETLIST_TYPE              ; -- (Not supported for targeted family)                      ; --            ; DE10_LITE_Default ; Top            ;
; PARTITION_NETLIST_TYPE              ; -- (Not supported for targeted family)                      ; --            ; lab62             ; Top            ;
; POWER_BOARD_THERMAL_MODEL           ; None (CONSERVATIVE)                                         ; --            ; --                ; --             ;
; POWER_PRESET_COOLING_SOLUTION       ; 23 MM HEAT SINK WITH 200 LFPM AIRFLOW                       ; --            ; --                ; --             ;
; PROJECT_OUTPUT_DIRECTORY            ; output_files                                                ; --            ; --                ; --             ;
; SLD_FILE                            ; lab62_soc/synthesis/lab62_soc.regmap                        ; --            ; --                ; --             ;
; SLD_FILE                            ; lab62_soc/synthesis/lab62_soc.debuginfo                     ; --            ; --                ; --             ;
; SLD_INFO                            ; QSYS_NAME lab62_soc HAS_SOPCINFO 1 GENERATION_ID 1682958447 ; --            ; lab62_soc         ; --             ;
; SOPCINFO_FILE                       ; lab62_soc/synthesis/../../lab62_soc.sopcinfo                ; --            ; --                ; --             ;
; SYNTHESIS_ONLY_QIP                  ; On                                                          ; --            ; --                ; --             ;
; TOP_LEVEL_ENTITY                    ; lab62                                                       ; Lab6_1        ; --                ; --             ;
+-------------------------------------+-------------------------------------------------------------+---------------+-------------------+----------------+


+--------------------------------------------------------------------------------------------------------------------------+
; Flow Elapsed Time                                                                                                        ;
+----------------------+--------------+-------------------------+---------------------+------------------------------------+
; Module Name          ; Elapsed Time ; Average Processors Used ; Peak Virtual Memory ; Total CPU Time (on all processors) ;
+----------------------+--------------+-------------------------+---------------------+------------------------------------+
; Analysis & Synthesis ; 00:01:43     ; 1.0                     ; 5095 MB             ; 00:02:06                           ;
; Fitter               ; 00:01:48     ; 1.2                     ; 5540 MB             ; 00:02:49                           ;
; Assembler            ; 00:00:06     ; 1.0                     ; 4750 MB             ; 00:00:06                           ;
; Timing Analyzer      ; 00:00:22     ; 1.6                     ; 4954 MB             ; 00:00:30                           ;
; EDA Netlist Writer   ; 00:00:05     ; 1.0                     ; 4829 MB             ; 00:00:06                           ;
; Total                ; 00:04:04     ; --                      ; --                  ; 00:05:37                           ;
+----------------------+--------------+-------------------------+---------------------+------------------------------------+


+------------------------------------------------------------------------------------+
; Flow OS Summary                                                                    ;
+----------------------+------------------+------------+------------+----------------+
; Module Name          ; Machine Hostname ; OS Name    ; OS Version ; Processor type ;
+----------------------+------------------+------------+------------+----------------+
; Analysis & Synthesis ; DESKTOP-LIOP463  ; Windows 10 ; 10.0       ; x86_64         ;
; Fitter               ; DESKTOP-LIOP463  ; Windows 10 ; 10.0       ; x86_64         ;
; Assembler            ; DESKTOP-LIOP463  ; Windows 10 ; 10.0       ; x86_64         ;
; Timing Analyzer      ; DESKTOP-LIOP463  ; Windows 10 ; 10.0       ; x86_64         ;
; EDA Netlist Writer   ; DESKTOP-LIOP463  ; Windows 10 ; 10.0       ; x86_64         ;
+----------------------+------------------+------------+------------+----------------+


------------
; Flow Log ;
------------
quartus_map --read_settings_files=on --write_settings_files=off Lab6_1 -c Lab6_1
quartus_fit --read_settings_files=off --write_settings_files=off Lab6_1 -c Lab6_1
quartus_asm --read_settings_files=off --write_settings_files=off Lab6_1 -c Lab6_1
quartus_sta Lab6_1 -c Lab6_1
quartus_eda --read_settings_files=off --write_settings_files=off Lab6_1 -c Lab6_1



